<?xml version="1.0" encoding="UTF-8"?>
<!-- Generated by org.testng.reporters.JUnitReportReporter -->
<testsuite hostname="DESKTOP-AIR8I1F" failures="0" tests="5" name="TestRunner.RunTest" time="142.851" errors="0" timestamp="2020-11-22T12:01:53 IST" skipped="0">
  <testcase classname="TestRunner.RunTest" name="assertionofblouseitems" time="23.865"/>
  <system-out/>
  <testcase classname="TestRunner.RunTest" name="click_on_women_tab" time="23.340"/>
  <system-out/>
  <testcase classname="TestRunner.RunTest" name="assert_product" time="49.692"/>
  <system-out/>
  <testcase classname="TestRunner.RunTest" name="launchwebsite" time="28.940"/>
  <system-out/>
  <testcase classname="TestRunner.RunTest" name="verify_tabs_text" time="17.014"/>
  <system-out/>
</testsuite> <!-- TestRunner.RunTest -->
