<?xml version="1.0" encoding="UTF-8"?>
<!-- Generated by org.testng.reporters.JUnitReportReporter -->
<testsuite hostname="DESKTOP-AIR8I1F" failures="0" tests="2" name="TestRunner.RunTest" time="30.923" errors="0" timestamp="2020-10-27T09:53:52 IST" skipped="0">
  <testcase classname="TestRunner.RunTest" name="launchwebsite" time="15.803"/>
  <system-out/>
  <testcase classname="TestRunner.RunTest" name="verify_tabs_text" time="15.120"/>
  <system-out/>
</testsuite> <!-- TestRunner.RunTest -->
