<?xml version="1.0" encoding="UTF-8"?>
<!-- Generated by org.testng.reporters.JUnitReportReporter -->
<testsuite hostname="DESKTOP-AIR8I1F" failures="0" tests="3" name="TestRunner.RunTest" time="35.667" errors="0" timestamp="2020-10-28T14:30:09 IST" skipped="0">
  <testcase classname="TestRunner.RunTest" name="three" time="4.152"/>
  <system-out/>
  <testcase classname="TestRunner.RunTest" name="launchwebsite" time="14.770"/>
  <system-out/>
  <testcase classname="TestRunner.RunTest" name="verify_tabs_text" time="16.745"/>
  <system-out/>
</testsuite> <!-- TestRunner.RunTest -->
