<?xml version="1.0" encoding="UTF-8"?>
<!-- Generated by org.testng.reporters.JUnitReportReporter -->
<testsuite hostname="DESKTOP-AIR8I1F" failures="0" tests="2" name="TestRunner.RunTest" time="34.070" errors="0" timestamp="2020-10-27T20:53:14 IST" skipped="0">
  <testcase classname="TestRunner.RunTest" name="launchwebsite" time="17.410"/>
  <system-out/>
  <testcase classname="TestRunner.RunTest" name="verify_tabs_text" time="16.660"/>
  <system-out/>
</testsuite> <!-- TestRunner.RunTest -->
